<?xml version="1.0" encoding="UTF-8"?>
<testng-results ignored="0" total="1" passed="1" failed="0" skipped="0">
  <reporter-output>
  </reporter-output>
  <suite started-at="2026-01-09T07:47:28 GMT" name="Default suite" finished-at="2026-01-09T07:47:28 GMT" duration-ms="82">
    <groups>
    </groups>
    <test started-at="2026-01-09T07:47:28 GMT" name="Default test" finished-at="2026-01-09T07:47:28 GMT" duration-ms="82">
      <class name="mavenJenkins.UITest">
        <test-method signature="firstFunc()[pri:0, instance:mavenJenkins.UITest@752325ad]" started-at="2026-01-09T07:47:28 GMT" name="firstFunc" finished-at="2026-01-09T07:47:28 GMT" duration-ms="14" status="PASS">
          <reporter-output>
          </reporter-output>
        </test-method> <!-- firstFunc -->
      </class> <!-- mavenJenkins.UITest -->
    </test> <!-- Default test -->
  </suite> <!-- Default suite -->
</testng-results>
